[INFO] [2021-11-28 10:02:29] Hello World!
[DEBUG] [2021-11-28 10:02:29] H.e.l.l.o W.o.r.l.d!
[WARN] [2021-11-28 10:02:29] H e l l o W o r l d!
[ERROR] [2021-11-28 10:02:29] Hallo World!
[INFO] [2021-11-28 10:09:54] Hello World!
[DEBUG] [2021-11-28 10:09:54] H.e.l.l.o W.o.r.l.d!
[WARN] [2021-11-28 10:09:54] H e l l o W o r l d!
[ERROR] [2021-11-28 10:09:54] Hallo World!
[INFO] [2021-11-28 10:11:58] [运行文件:log.c] [行数:148]Hello World!
[DEBUG] [2021-11-28 10:11:58] [运行文件:log.c] [行数:148]H.e.l.l.o W.o.r.l.d!
[WARN] [2021-11-28 10:11:58] [运行文件:log.c] [行数:148]H e l l o W o r l d!
[ERROR] [2021-11-28 10:11:58] [运行文件:log.c] [行数:148]Hallo World!
[INFO] [2021-11-28 10:15:35] Hello World!
[DEBUG] [2021-11-28 10:15:35] H.e.l.l.o W.o.r.l.d!
[WARN] [2021-11-28 10:15:35] H e l l o W o r l d!
[ERROR] [2021-11-28 10:15:35] Hallo World!
[INFO] [2021-11-28 10:18:32] Hello World!
[DEBUG] [2021-11-28 10:18:32] H.e.l.l.o W.o.r.l.d!
[WARN] [2021-11-28 10:18:32] H e l l o W o r l d!
[ERROR] [2021-11-28 10:18:32] Hallo World!
[INFO] [2021-11-28 10:20:12] Hello World!
[DEBUG] [2021-11-28 10:20:12] H.e.l.l.o W.o.r.l.d!
[WARN] [2021-11-28 10:20:12] H e l l o W o r l d!
[ERROR] [2021-11-28 10:20:12] Hallo World!
[INFO] [2021-11-28 10:21:14] Hello World!
[DEBUG] [2021-11-28 10:21:14] H.e.l.l.o W.o.r.l.d!
[WARN] [2021-11-28 10:21:14] H e l l o W o r l d!
[ERROR] [2021-11-28 10:21:14] Hallo World!
[INFO] [2021-11-28 10:24:34] Hello World!
[DEBUG] [2021-11-28 10:24:34] H.e.l.l.o W.o.r.l.d!
[WARN] [2021-11-28 10:24:34] H e l l o W o r l d!
[ERROR] [2021-11-28 10:24:34] Hallo World!
[INFO] [2021-11-28 10:24:48] Hello World!
[DEBUG] [2021-11-28 10:24:48] H.e.l.l.o W.o.r.l.d!
[WARN] [2021-11-28 10:24:48] H e l l o W o r l d!
[ERROR] [2021-11-28 10:24:48] Hallo World!
[INFO] [2021-11-28 10:32:23] Hello World!
[DEBUG] [2021-11-28 10:32:23] H.e.l.l.o W.o.r.l.d!
[WARN] [2021-11-28 10:32:23] H e l l o W o r l d!
[ERROR] [2021-11-28 10:32:23] Hallo World!
[INFO] [2021-11-28 10:34:51] Hello World!
[DEBUG] [2021-11-28 10:34:51] H.e.l.l.o W.o.r.l.d!
[WARN] [2021-11-28 10:34:51] H e l l o W o r l d!
[ERROR] [2021-11-28 10:34:51] Hallo World!
[INFO] [2021-11-28 10:35:28] Hello World!
[DEBUG] [2021-11-28 10:35:28] H.e.l.l.o W.o.r.l.d!
[WARN] [2021-11-28 10:35:28] H e l l o W o r l d!
[ERROR] [2021-11-28 10:35:28] Hallo World!
[INFO] [2021-11-28 10:35:36] Hello World!
[DEBUG] [2021-11-28 10:35:36] H.e.l.l.o W.o.r.l.d!
[WARN] [2021-11-28 10:35:36] H e l l o W o r l d!
[ERROR] [2021-11-28 10:35:36] Hallo World!
[INFO] [2021-11-28 10:41:43] Hello World!
[DEBUG] [2021-11-28 10:41:43] H.e.l.l.o W.o.r.l.d!
[WARN] [2021-11-28 10:41:43] H e l l o W o r l d!
[ERROR] [2021-11-28 10:41:43] Hallo World!
[INFO] [2021-11-28 10:43:35] Hello World!
[DEBUG] [2021-11-28 10:43:35] H.e.l.l.o W.o.r.l.d!
[WARN] [2021-11-28 10:43:35] H e l l o W o r l d!
[ERROR] [2021-11-28 10:43:35] [文件: log.c] [行数: 191] H.e.l.l.o W.o.r.l.d!
[INFO] [2021-11-28 10:47:00] Hello World!
[DEBUG] [2021-11-28 10:47:00] H.e.l.l.o W.o.r.l.d!
[WARN] [2021-11-28 10:47:00] H e l l o W o r l d!
[ERROR] [2021-11-28 10:47:00] [文件名: log.c] [行号: 191] [函数名: main] H.e.l.l.o W.o.r.l.d!
[INFO] [2021-11-28 10:48:17] Hello World!
[DEBUG] [2021-11-28 10:48:17] H.e.l.l.o W.o.r.l.d!
[WARN] [2021-11-28 10:48:17] H e l l o W o r l d!
[ERROR] [2021-11-28 10:48:17] [文件名: test.c] [行号: 10] [函数名: main] H.e.l.l.o W.o.r.l.d!
[INFO] [2021-11-28 10:52:31] Hello World!
[DEBUG] [2021-11-28 10:52:31] H.e.l.l.o W.o.r.l.d!
[WARN] [2021-11-28 10:52:31] H e l l o W o r l d!
[ERROR] [2021-11-28 10:52:31] [文件名: test.c] [行号: 10] [函数名: main] H.e.l.l.o W.o.r.l.d!
[INFO] [2021-11-28 10:55:26] Hello World!
[DEBUG] [2021-11-28 10:55:26] H.e.l.l.o W.o.r.l.d!
[WARN] [2021-11-28 10:55:26] H e l l o W o r l d!
[ERROR] [2021-11-28 10:55:26] [文件名: test.c] [行号: 10] [函数名: main] H.e.l.l.o W.o.r.l.d!
[INFO] [2021-11-28 10:58:20] Hello World!
[DEBUG] [2021-11-28 10:58:20] H.e.l.l.o W.o.r.l.d!
[WARN] [2021-11-28 10:58:20] H e l l o W o r l d!
[ERROR] [2021-11-28 10:58:20] [FILE: test.c] [LINE: 10] [FUNCTION: main] H.e.l.l.o W.o.r.l.d!
[INFO] [2021-11-28 11:03:26] Hello World!
[DEBUG ] [2021-11-28 11:03:26] H.e.l.l.o W.o.r.l.d!
[WARN] [2021-11-28 11:03:26] H e l l o W o r l d!
[ERROR ] [2021-11-28 11:03:26] [FILE: test.c] [LINE: 10] [FUNCTION: main] H.e.l.l.o W.o.r.l.d!
[INFO ] [2021-11-28 11:03:46] Hello World!
[DEBUG] [2021-11-28 11:03:46] H.e.l.l.o W.o.r.l.d!
[WARN ] [2021-11-28 11:03:46] H e l l o W o r l d!
[ERROR] [2021-11-28 11:03:46] [FILE: test.c] [LINE: 10] [FUNCTION: main] H.e.l.l.o W.o.r.l.d!
[INFO ] [2021-11-28 11:04:57] Hello World!
[DEBUG] [2021-11-28 11:04:57] H.e.l.l.o W.o.r.l.d!
[WARN ] [2021-11-28 11:04:57] H e l l o W o r l d!
[ERROR] [2021-11-28 11:04:57] H.e.l.l.o W.o.r.l.d! [FILE: test.c LINE: 10 FUNC: main]
[INFO ] [2021-11-28 11:17:05] Hello World!
[DEBUG] [2021-11-28 11:17:05] H.e.l.l.o W.o.r.l.d!
[WARN ] [2021-11-28 11:17:05] H e l l o W o r l d!
[INFO ] [2021-11-28 11:17:32] Hello World!
[DEBUG] [2021-11-28 11:17:32] H.e.l.l.o W.o.r.l.d!
[WARN ] [2021-11-28 11:17:32] H e l l o W o r l d!
[ERROR] [2021-11-28 11:17:32] H.e.l.l.o W.o.r.l.d! [FILE: test.c LINE: 13 FUNC: main]
[INFO ] [2021-11-28 11:19:42] Hello World!
[DEBUG] [2021-11-28 11:19:42] H.e.l.l.o W.o.r.l.d!
[WARN ] [2021-11-28 11:19:42] H e l l o W o r l d!
[ERROR] [2021-11-28 11:19:42]  [FILE: test.c LINE: 11 FUNC: main]  [FILE: test.c LINE: 11 FUNC: main]
[INFO ] [2021-11-28 11:21:50] Hello World!
[DEBUG] [2021-11-28 11:21:50] H.e.l.l.o W.o.r.l.d!
[WARN ] [2021-11-28 11:21:50] H e l l o W o r l d!
[ERROR] [2021-11-28 11:21:50] H.e.l.l.o W.o.r.l.d! [FILE: test.c LINE: 10 FUNC: main]
[INFO ] [2021-11-28 11:26:57] Hello World!
[DEBUG] [2021-11-28 11:26:57] H.e.l.l.o W.o.r.l.d!
[WARN ] [2021-11-28 11:26:57] H e l l o W o r l d!
[ERROR] [2021-11-28 11:26:57] H.e.l.l.o W.o.r.l.d! [FILE: test.c LINE: 10]
[INFO ] [2021-11-28 11:27:35] Hello World!
[DEBUG] [2021-11-28 11:27:35] H.e.l.l.o W.o.r.l.d!
[WARN ] [2021-11-28 11:27:35] H e l l o W o r l d!
[ERROR] [2021-11-28 11:27:35] H.e.l.l.o W.o.r.l.d! [FILE: test.c LINE: 10 FUNC: main]
[INFO ] [2021-11-28 11:29:29] Hello World!
[DEBUG] [2021-11-28 11:29:29] H.e.l.l.o W.o.r.l.d!
[WARN ] [2021-11-28 11:29:29] H e l l o W o r l d!
[ERROR] [2021-11-28 11:29:29] H.e.l.l.o W.o.r.l.d! [LINE: 10 FUNC: test.c/main]
[INFO ] [2021-11-28 11:30:18] Hello World!
[DEBUG] [2021-11-28 11:30:18] H.e.l.l.o W.o.r.l.d!
[WARN ] [2021-11-28 11:30:18] H e l l o W o r l d!
[ERROR] [2021-11-28 11:30:18] H.e.l.l.o W.o.r.l.d! [FUNC: test.c/main LINE: 10]
